# JRE version: Java(TM) SE Runtime Environment (23.0.1+11) (build 23.0.1+11-39)
# Java VM: Java HotSpot(TM) 64-Bit Server VM (23.0.1+11-39, mixed mode, sharing, tiered, compressed oops, compressed class ptrs, g1 gc, windows-amd64)
GC Precious Log:
 CardTable entry size: 512
 Card Set container configuration: InlinePtr #cards 4 size 8 Array Of Cards #cards 16 size 48 Howl #buckets 8 coarsen threshold 3686 Howl Bitmap #cards 512 size 80 coarsen threshold 460 Card regions per heap region 1 cards per card region 4096
 CPUs: 12 total, 12 available
 Memory: 7521M
 Large Page Support: Disabled
 NUMA Support: Disabled
 Compressed Oops: Enabled (Zero based)
 Heap Region Size: 2M
 Heap Min Capacity: 8M
 Heap Initial Capacity: 118M
 Heap Max Capacity: 4G
 Pre-touch: Disabled
 Parallel Workers: 10
 Concurrent Workers: 3
 Concurrent Refinement Workers: 10
 Periodic GC: Disabled
Heap:
 garbage-first heap   total reserved 4194304K, committed 466944K, used 300635K [0x0000000700000000, 0x0000000800000000)
  region size 2048K, 9 young (18432K), 9 survivors (18432K)
 Metaspace       used 153323K, committed 155968K, reserved 1048576K
  class space    used 20793K, committed 22016K, reserved 851968K
GC Heap History (20 events):
Event: 24.725 GC heap after
{Heap after GC invocations=53 (full 0):
 garbage-first heap   total reserved 4194304K, committed 268288K, used 161083K [0x0000000700000000, 0x0000000800000000)
  region size 2048K, 4 young (8192K), 4 survivors (8192K)
 Metaspace       used 124189K, committed 126720K, reserved 983040K
  class space    used 17218K, committed 18368K, reserved 851968K
}
Event: 25.068 GC heap before
{Heap before GC invocations=54 (full 0):
 garbage-first heap   total reserved 4194304K, committed 276480K, used 243003K [0x0000000700000000, 0x0000000800000000)
  region size 2048K, 43 young (88064K), 4 survivors (8192K)
 Metaspace       used 124300K, committed 126784K, reserved 983040K
  class space    used 17224K, committed 18368K, reserved 851968K
}
Event: 25.079 GC heap after
{Heap after GC invocations=55 (full 0):
 garbage-first heap   total reserved 4194304K, committed 276480K, used 171032K [0x0000000700000000, 0x0000000800000000)
  region size 2048K, 6 young (12288K), 6 survivors (12288K)
 Metaspace       used 124300K, committed 126784K, reserved 983040K
  class space    used 17224K, committed 18368K, reserved 851968K
}
Event: 25.133 GC heap before
{Heap before GC invocations=55 (full 0):
 garbage-first heap   total reserved 4194304K, committed 276480K, used 244760K [0x0000000700000000, 0x0000000800000000)
  region size 2048K, 43 young (88064K), 6 survivors (12288K)
 Metaspace       used 124300K, committed 126784K, reserved 983040K
  class space    used 17224K, committed 18368K, reserved 851968K
}
Event: 25.145 GC heap after
{Heap after GC invocations=56 (full 0):
 garbage-first heap   total reserved 4194304K, committed 276480K, used 178583K [0x0000000700000000, 0x0000000800000000)
  region size 2048K, 4 young (8192K), 4 survivors (8192K)
 Metaspace       used 124300K, committed 126784K, reserved 983040K
  class space    used 17224K, committed 18368K, reserved 851968K
}
Event: 25.230 GC heap before
{Heap before GC invocations=56 (full 0):
 garbage-first heap   total reserved 4194304K, committed 276480K, used 250263K [0x0000000700000000, 0x0000000800000000)
  region size 2048K, 39 young (79872K), 4 survivors (8192K)
 Metaspace       used 124427K, committed 126976K, reserved 983040K
  class space    used 17233K, committed 18432K, reserved 851968K
}
Event: 25.236 GC heap after
{Heap after GC invocations=57 (full 0):
 garbage-first heap   total reserved 4194304K, committed 466944K, used 185654K [0x0000000700000000, 0x0000000800000000)
  region size 2048K, 4 young (8192K), 4 survivors (8192K)
 Metaspace       used 124427K, committed 126976K, reserved 983040K
  class space    used 17233K, committed 18432K, reserved 851968K
}
Event: 27.256 GC heap before
{Heap before GC invocations=58 (full 0):
 garbage-first heap   total reserved 4194304K, committed 466944K, used 392502K [0x0000000700000000, 0x0000000800000000)
  region size 2048K, 105 young (215040K), 4 survivors (8192K)
 Metaspace       used 135016K, committed 137472K, reserved 983040K
  class space    used 18526K, committed 19712K, reserved 851968K
}
Event: 27.279 GC heap after
{Heap after GC invocations=59 (full 0):
 garbage-first heap   total reserved 4194304K, committed 466944K, used 207386K [0x0000000700000000, 0x0000000800000000)
  region size 2048K, 14 young (28672K), 14 survivors (28672K)
 Metaspace       used 135016K, committed 137472K, reserved 983040K
  class space    used 18526K, committed 19712K, reserved 851968K
}
Event: 27.340 GC heap before
{Heap before GC invocations=59 (full 0):
 garbage-first heap   total reserved 4194304K, committed 466944K, used 365082K [0x0000000700000000, 0x0000000800000000)
  region size 2048K, 90 young (184320K), 14 survivors (28672K)
 Metaspace       used 135416K, committed 137856K, reserved 983040K
  class space    used 18566K, committed 19712K, reserved 851968K
}
Event: 27.364 GC heap after
{Heap after GC invocations=60 (full 0):
 garbage-first heap   total reserved 4194304K, committed 466944K, used 225905K [0x0000000700000000, 0x0000000800000000)
  region size 2048K, 9 young (18432K), 9 survivors (18432K)
 Metaspace       used 135416K, committed 137856K, reserved 983040K
  class space    used 18566K, committed 19712K, reserved 851968K
}
Event: 27.415 GC heap before
{Heap before GC invocations=60 (full 0):
 garbage-first heap   total reserved 4194304K, committed 466944K, used 383601K [0x0000000700000000, 0x0000000800000000)
  region size 2048K, 86 young (176128K), 9 survivors (18432K)
 Metaspace       used 135744K, committed 138240K, reserved 983040K
  class space    used 18611K, committed 19776K, reserved 851968K
}
Event: 27.427 GC heap after
{Heap after GC invocations=61 (full 0):
 garbage-first heap   total reserved 4194304K, committed 466944K, used 242541K [0x0000000700000000, 0x0000000800000000)
  region size 2048K, 8 young (16384K), 8 survivors (16384K)
 Metaspace       used 135744K, committed 138240K, reserved 983040K
  class space    used 18611K, committed 19776K, reserved 851968K
}
Event: 27.487 GC heap before
{Heap before GC invocations=61 (full 0):
 garbage-first heap   total reserved 4194304K, committed 466944K, used 396141K [0x0000000700000000, 0x0000000800000000)
  region size 2048K, 84 young (172032K), 8 survivors (16384K)
 Metaspace       used 135918K, committed 138432K, reserved 983040K
  class space    used 18638K, committed 19840K, reserved 851968K
}
Event: 27.499 GC heap after
{Heap after GC invocations=62 (full 0):
 garbage-first heap   total reserved 4194304K, committed 466944K, used 255950K [0x0000000700000000, 0x0000000800000000)
  region size 2048K, 8 young (16384K), 8 survivors (16384K)
 Metaspace       used 135918K, committed 138432K, reserved 983040K
  class space    used 18638K, committed 19840K, reserved 851968K
}
Event: 27.502 GC heap before
{Heap before GC invocations=62 (full 0):
 garbage-first heap   total reserved 4194304K, committed 466944K, used 260046K [0x0000000700000000, 0x0000000800000000)
  region size 2048K, 11 young (22528K), 8 survivors (16384K)
 Metaspace       used 135930K, committed 138432K, reserved 983040K
  class space    used 18640K, committed 19840K, reserved 851968K
}
Event: 27.509 GC heap after
{Heap after GC invocations=63 (full 0):
 garbage-first heap   total reserved 4194304K, committed 466944K, used 257553K [0x0000000700000000, 0x0000000800000000)
  region size 2048K, 2 young (4096K), 2 survivors (4096K)
 Metaspace       used 135930K, committed 138432K, reserved 983040K
  class space    used 18640K, committed 19840K, reserved 851968K
}
Event: 28.129 GC heap before
{Heap before GC invocations=64 (full 0):
 garbage-first heap   total reserved 4194304K, committed 466944K, used 423441K [0x0000000700000000, 0x0000000800000000)
  region size 2048K, 79 young (161792K), 2 survivors (4096K)
 Metaspace       used 138510K, committed 141120K, reserved 983040K
  class space    used 18937K, committed 20160K, reserved 851968K
}
Event: 28.143 GC heap after
{Heap after GC invocations=65 (full 0):
 garbage-first heap   total reserved 4194304K, committed 466944K, used 282624K [0x0000000700000000, 0x0000000800000000)
  region size 2048K, 10 young (20480K), 10 survivors (20480K)
 Metaspace       used 138510K, committed 141120K, reserved 983040K
  class space    used 18937K, committed 20160K, reserved 851968K
}
Event: 29.358 GC heap before
{Heap before GC invocations=65 (full 0):
 garbage-first heap   total reserved 4194304K, committed 466944K, used 419840K [0x0000000700000000, 0x0000000800000000)
  region size 2048K, 76 young (155648K), 10 survivors (20480K)
 Metaspace       used 153323K, committed 155968K, reserved 1048576K
  class space    used 20793K, committed 22016K, reserved 851968K
}

